<?xml version="1.0" encoding="UTF-8"?>
<!-- Generated by org.testng.reporters.JUnitReportReporter -->
<testsuite hostname="NVUPKOOR-58LUQ" name="Example.NewTest" tests="2" failures="0" timestamp="17 Jun 2016 06:52:24 GMT" time="103.408" errors="0">
  <testcase name="login" time="60.578" classname="Example.NewTest"/>
  <testcase name="HomePage" time="42.830" classname="Example.NewTest"/>
</testsuite> <!-- Example.NewTest -->
