<?xml version="1.0" encoding="UTF-8"?>
<!-- Generated by org.testng.reporters.JUnitReportReporter -->
<testsuite hostname="NVUPKOOR-58LUQ" name="Example.NewTest" tests="2" failures="0" timestamp="17 Jun 2016 06:30:18 GMT" time="77.961" errors="0">
  <testcase name="HomePage" time="49.960" classname="Example.NewTest"/>
  <testcase name="login" time="28.001" classname="Example.NewTest"/>
</testsuite> <!-- Example.NewTest -->
